{"/Users/mucahidyazar/Desktop/workspace/repositories/api/src/utils/cleanEmptyFields.ts": {"path":"/Users/mucahidyazar/Desktop/workspace/repositories/api/src/utils/cleanEmptyFields.ts","statementMap":{"0":{"start":{"line":73,"column":9},"end":{"line":73,"column":25}},"1":{"start":{"line":17,"column":34},"end":{"line":26,"column":null}},"2":{"start":{"line":28,"column":21},"end":{"line":28,"column":66}},"3":{"start":{"line":31,"column":4},"end":{"line":41,"column":null}},"4":{"start":{"line":45,"column":4},"end":{"line":45,"column":null}},"5":{"start":{"line":45,"column":49},"end":{"line":45,"column":null}},"6":{"start":{"line":46,"column":4},"end":{"line":46,"column":44}},"7":{"start":{"line":46,"column":23},"end":{"line":46,"column":44}},"8":{"start":{"line":48,"column":28},"end":{"line":48,"column":56}},"9":{"start":{"line":49,"column":4},"end":{"line":49,"column":30}},"10":{"start":{"line":51,"column":4},"end":{"line":65,"column":5}},"11":{"start":{"line":52,"column":6},"end":{"line":57,"column":7}},"12":{"start":{"line":53,"column":28},"end":{"line":53,"column":56}},"13":{"start":{"line":54,"column":8},"end":{"line":56,"column":9}},"14":{"start":{"line":55,"column":10},"end":{"line":55,"column":null}},"15":{"start":{"line":59,"column":6},"end":{"line":64,"column":7}},"16":{"start":{"line":60,"column":27},"end":{"line":60,"column":54}},"17":{"start":{"line":61,"column":8},"end":{"line":63,"column":9}},"18":{"start":{"line":62,"column":10},"end":{"line":62,"column":null}},"19":{"start":{"line":67,"column":4},"end":{"line":67,"column":null}},"20":{"start":{"line":70,"column":2},"end":{"line":70,"column":null}}},"fnMap":{"0":{"name":"cleanEmptyFields","decl":{"start":{"line":13,"column":9},"end":{"line":13,"column":25}},"loc":{"start":{"line":15,"column":32},"end":{"line":71,"column":1}}},"1":{"name":"isEmptyValue","decl":{"start":{"line":30,"column":11},"end":{"line":30,"column":23}},"loc":{"start":{"line":30,"column":32},"end":{"line":42,"column":3}}},"2":{"name":"cleanRecursively","decl":{"start":{"line":44,"column":11},"end":{"line":44,"column":27}},"loc":{"start":{"line":44,"column":58},"end":{"line":68,"column":3}}}},"branchMap":{"0":{"loc":{"start":{"line":15,"column":2},"end":{"line":15,"column":32}},"type":"default-arg","locations":[{"start":{"line":15,"column":30},"end":{"line":15,"column":32}}]},"1":{"loc":{"start":{"line":32,"column":6},"end":{"line":40,"column":67}},"type":"binary-expr","locations":[{"start":{"line":32,"column":7},"end":{"line":32,"column":31}},{"start":{"line":32,"column":35},"end":{"line":32,"column":53}},{"start":{"line":32,"column":57},"end":{"line":32,"column":73}},{"start":{"line":33,"column":7},"end":{"line":33,"column":32}},{"start":{"line":33,"column":36},"end":{"line":33,"column":46}},{"start":{"line":34,"column":7},"end":{"line":34,"column":32}},{"start":{"line":34,"column":36},"end":{"line":34,"column":59}},{"start":{"line":34,"column":63},"end":{"line":34,"column":75}},{"start":{"line":34,"column":79},"end":{"line":34,"column":108}},{"start":{"line":35,"column":7},"end":{"line":35,"column":27}},{"start":{"line":35,"column":31},"end":{"line":35,"column":43}},{"start":{"line":36,"column":7},"end":{"line":36,"column":32}},{"start":{"line":36,"column":36},"end":{"line":36,"column":53}},{"start":{"line":37,"column":7},"end":{"line":37,"column":26}},{"start":{"line":37,"column":30},"end":{"line":37,"column":47}},{"start":{"line":38,"column":7},"end":{"line":38,"column":27}},{"start":{"line":38,"column":31},"end":{"line":38,"column":40}},{"start":{"line":39,"column":7},"end":{"line":39,"column":28}},{"start":{"line":39,"column":32},"end":{"line":39,"column":45}},{"start":{"line":40,"column":7},"end":{"line":40,"column":32}},{"start":{"line":40,"column":36},"end":{"line":40,"column":66}}]},"2":{"loc":{"start":{"line":44,"column":38},"end":{"line":44,"column":58}},"type":"default-arg","locations":[{"start":{"line":44,"column":45},"end":{"line":44,"column":58}}]},"3":{"loc":{"start":{"line":45,"column":4},"end":{"line":45,"column":null}},"type":"if","locations":[{"start":{"line":45,"column":4},"end":{"line":45,"column":null}}]},"4":{"loc":{"start":{"line":45,"column":8},"end":{"line":45,"column":47}},"type":"binary-expr","locations":[{"start":{"line":45,"column":8},"end":{"line":45,"column":31}},{"start":{"line":45,"column":35},"end":{"line":45,"column":47}}]},"5":{"loc":{"start":{"line":46,"column":4},"end":{"line":46,"column":44}},"type":"if","locations":[{"start":{"line":46,"column":4},"end":{"line":46,"column":44}}]},"6":{"loc":{"start":{"line":48,"column":28},"end":{"line":48,"column":56}},"type":"cond-expr","locations":[{"start":{"line":48,"column":49},"end":{"line":48,"column":51}},{"start":{"line":48,"column":54},"end":{"line":48,"column":56}}]},"7":{"loc":{"start":{"line":51,"column":4},"end":{"line":65,"column":5}},"type":"if","locations":[{"start":{"line":51,"column":4},"end":{"line":65,"column":5}},{"start":{"line":58,"column":11},"end":{"line":65,"column":5}}]},"8":{"loc":{"start":{"line":54,"column":8},"end":{"line":56,"column":9}},"type":"if","locations":[{"start":{"line":54,"column":8},"end":{"line":56,"column":9}}]},"9":{"loc":{"start":{"line":61,"column":8},"end":{"line":63,"column":9}},"type":"if","locations":[{"start":{"line":61,"column":8},"end":{"line":63,"column":9}}]},"10":{"loc":{"start":{"line":67,"column":11},"end":{"line":67,"column":70}},"type":"cond-expr","locations":[{"start":{"line":67,"column":48},"end":{"line":67,"column":58}},{"start":{"line":67,"column":61},"end":{"line":67,"column":70}}]}},"s":{"0":1,"1":8,"2":8,"3":649,"4":657,"5":329,"6":328,"7":1,"8":327,"9":327,"10":327,"11":7,"12":10,"13":10,"14":6,"15":320,"16":639,"17":639,"18":619,"19":327,"20":8},"f":{"0":8,"1":649,"2":657},"b":{"0":[6],"1":[649,649,3,649,649,642,642,313,311,642,642,640,640,630,630,629,3,628,2,627,3],"2":[8],"3":[329],"4":[657,330],"5":[1],"6":[7,320],"7":[7,320],"8":[6],"9":[619],"10":[318,9]}}
}
