TN:
SF:src/utils/cleanEmptyFields.ts
FN:13,cleanEmptyFields
FN:30,isEmptyValue
FN:44,cleanRecursively
FNF:3
FNH:3
FNDA:8,cleanEmptyFields
FNDA:649,isEmptyValue
FNDA:657,cleanRecursively
DA:17,8
DA:28,8
DA:31,649
DA:45,657
DA:46,328
DA:48,327
DA:49,327
DA:51,327
DA:52,7
DA:53,10
DA:54,10
DA:55,6
DA:59,320
DA:60,639
DA:61,639
DA:62,619
DA:67,327
DA:70,8
DA:73,1
LF:19
LH:19
BRDA:15,0,0,6
BRDA:32,1,0,649
BRDA:32,1,1,649
BRDA:32,1,2,3
BRDA:32,1,3,649
BRDA:32,1,4,649
BRDA:32,1,5,642
BRDA:32,1,6,642
BRDA:32,1,7,313
BRDA:32,1,8,311
BRDA:32,1,9,642
BRDA:32,1,10,642
BRDA:32,1,11,640
BRDA:32,1,12,640
BRDA:32,1,13,630
BRDA:32,1,14,630
BRDA:32,1,15,629
BRDA:32,1,16,3
BRDA:32,1,17,628
BRDA:32,1,18,2
BRDA:32,1,19,627
BRDA:32,1,20,3
BRDA:44,2,0,8
BRDA:45,3,0,329
BRDA:45,4,0,657
BRDA:45,4,1,330
BRDA:46,5,0,1
BRDA:48,6,0,7
BRDA:48,6,1,320
BRDA:51,7,0,7
BRDA:51,7,1,320
BRDA:54,8,0,6
BRDA:61,9,0,619
BRDA:67,10,0,318
BRDA:67,10,1,9
BRF:35
BRH:35
end_of_record
